2023-03-06 13:36:57,192 - kedro.ipython - INFO - Kedro project varanasi-swm
2023-03-06 13:36:57,193 - kedro.ipython - INFO - Defined global variable 'context', 'session', 'catalog' and 'pipelines'
2023-03-06 13:36:57,684 - py.warnings - WARNING - /home/chetan/anaconda3/envs/Kedro-Varanasi-SWM/lib/python3.10/site-packages/jupyter_client/connect.py:20: DeprecationWarning: Jupyter is migrating its paths to use standard platformdirs
given by the platformdirs library.  To remove this warning and
see the appropriate new directories, set the environment variable
`JUPYTER_PLATFORM_DIRS=1` and then run `jupyter --paths`.
The use of platformdirs will be the default in `jupyter_core` v6
  from jupyter_core.paths import jupyter_data_dir, jupyter_runtime_dir, secure_write

2023-03-06 13:36:57,723 - kedro.ipython - INFO - Registered line magic 'run_viz'
2023-03-06 13:39:32,852 - kedro.ipython - INFO - Kedro project varanasi-swm
2023-03-06 13:39:32,853 - kedro.ipython - INFO - Defined global variable 'context', 'session', 'catalog' and 'pipelines'
2023-03-06 13:39:33,292 - py.warnings - WARNING - /home/chetan/anaconda3/envs/Kedro-Varanasi-SWM/lib/python3.10/site-packages/jupyter_client/connect.py:20: DeprecationWarning: Jupyter is migrating its paths to use standard platformdirs
given by the platformdirs library.  To remove this warning and
see the appropriate new directories, set the environment variable
`JUPYTER_PLATFORM_DIRS=1` and then run `jupyter --paths`.
The use of platformdirs will be the default in `jupyter_core` v6
  from jupyter_core.paths import jupyter_data_dir, jupyter_runtime_dir, secure_write

2023-03-06 13:39:33,330 - kedro.ipython - INFO - Registered line magic 'run_viz'
2023-03-06 13:39:36,340 - kedro.io.data_catalog - INFO - Loading data from 'dump' (ParquetDataSet)...
2023-03-06 13:42:14,170 - kedro.ipython - INFO - Kedro project varanasi-swm
2023-03-06 13:42:14,171 - kedro.ipython - INFO - Defined global variable 'context', 'session', 'catalog' and 'pipelines'
2023-03-06 13:42:14,603 - py.warnings - WARNING - /home/chetan/anaconda3/envs/Kedro-Varanasi-SWM/lib/python3.10/site-packages/jupyter_client/connect.py:20: DeprecationWarning: Jupyter is migrating its paths to use standard platformdirs
given by the platformdirs library.  To remove this warning and
see the appropriate new directories, set the environment variable
`JUPYTER_PLATFORM_DIRS=1` and then run `jupyter --paths`.
The use of platformdirs will be the default in `jupyter_core` v6
  from jupyter_core.paths import jupyter_data_dir, jupyter_runtime_dir, secure_write

2023-03-06 13:42:14,641 - kedro.ipython - INFO - Registered line magic 'run_viz'
2023-03-06 13:42:49,202 - kedro.io.data_catalog - INFO - Loading data from 'pairwise_distance' (CSVDataSet)...
2023-03-06 15:19:44,256 - kedro.ipython - INFO - Kedro project varanasi-swm
2023-03-06 15:19:44,257 - kedro.ipython - INFO - Defined global variable 'context', 'session', 'catalog' and 'pipelines'
2023-03-06 15:19:44,461 - py.warnings - WARNING - /home/chetan/anaconda3/envs/Kedro-Varanasi-SWM/lib/python3.10/site-packages/jupyter_client/connect.py:20: DeprecationWarning: Jupyter is migrating its paths to use standard platformdirs
given by the platformdirs library.  To remove this warning and
see the appropriate new directories, set the environment variable
`JUPYTER_PLATFORM_DIRS=1` and then run `jupyter --paths`.
The use of platformdirs will be the default in `jupyter_core` v6
  from jupyter_core.paths import jupyter_data_dir, jupyter_runtime_dir, secure_write

2023-03-06 15:19:44,547 - kedro.ipython - INFO - Registered line magic 'run_viz'
2023-03-06 15:19:49,473 - kedro.io.data_catalog - INFO - Loading data from 'pairwise_distance' (CSVDataSet)...
2023-03-06 15:24:15,798 - kedro.ipython - INFO - Kedro project varanasi-swm
2023-03-06 15:24:15,798 - kedro.ipython - INFO - Defined global variable 'context', 'session', 'catalog' and 'pipelines'
2023-03-06 15:24:16,002 - py.warnings - WARNING - /home/chetan/anaconda3/envs/Kedro-Varanasi-SWM/lib/python3.10/site-packages/jupyter_client/connect.py:20: DeprecationWarning: Jupyter is migrating its paths to use standard platformdirs
given by the platformdirs library.  To remove this warning and
see the appropriate new directories, set the environment variable
`JUPYTER_PLATFORM_DIRS=1` and then run `jupyter --paths`.
The use of platformdirs will be the default in `jupyter_core` v6
  from jupyter_core.paths import jupyter_data_dir, jupyter_runtime_dir, secure_write

2023-03-06 15:24:16,087 - kedro.ipython - INFO - Registered line magic 'run_viz'
2023-03-06 15:24:49,096 - kedro.io.data_catalog - INFO - Loading data from 'pairwise_distance' (CSVDataSet)...
2023-03-06 17:33:16,642 - kedro.framework.session.session - INFO - Kedro project varanasi-swm
2023-03-06 17:33:18,791 - kedro.io.data_catalog - INFO - Loading data from 'dump' (ParquetDataSet)...
2023-03-06 17:33:18,797 - kedro.io.data_catalog - INFO - Loading data from 'bin' (ParquetDataSet)...
2023-03-06 17:33:18,800 - kedro.io.data_catalog - INFO - Loading data from 'starting' (ParquetDataSet)...
2023-03-06 17:33:18,802 - kedro.pipeline.node - INFO - Running node: data_collection_node: data_collection([dump,bin,starting]) -> [location_data]
2023-03-06 17:33:19,781 - kedro.io.data_catalog - INFO - Saving data to 'location_data' (ParquetDataSet)...
2023-03-06 17:33:19,784 - kedro.runner.sequential_runner - INFO - Completed 1 out of 2 tasks
2023-03-06 17:33:19,785 - kedro.io.data_catalog - INFO - Loading data from 'dump' (ParquetDataSet)...
2023-03-06 17:33:19,787 - kedro.io.data_catalog - INFO - Loading data from 'starting' (ParquetDataSet)...
2023-03-06 17:33:19,789 - kedro.io.data_catalog - INFO - Loading data from 'location_data' (ParquetDataSet)...
2023-03-06 17:33:19,791 - kedro.io.data_catalog - INFO - Loading data from 'pairwise_distance' (CSVDataSet)...
2023-03-06 17:33:20,271 - kedro.io.data_catalog - INFO - Loading data from 'params:model_parameters' (MemoryDataSet)...
2023-03-06 17:33:20,272 - kedro.pipeline.node - INFO - Running node: run_route_planner_node: run_route_planner([dump,starting,location_data,pairwise_distance,params:model_parameters]) -> None
2023-03-06 17:33:20,519 - kedro.runner.sequential_runner - INFO - Completed 2 out of 2 tasks
2023-03-06 17:33:20,520 - kedro.runner.sequential_runner - INFO - Pipeline execution completed successfully.
2023-03-06 17:34:27,671 - kedro.framework.session.session - INFO - Kedro project varanasi-swm
2023-03-06 17:34:30,050 - kedro.io.data_catalog - INFO - Loading data from 'dump' (ParquetDataSet)...
2023-03-06 17:34:30,056 - kedro.io.data_catalog - INFO - Loading data from 'bin' (ParquetDataSet)...
2023-03-06 17:34:30,059 - kedro.io.data_catalog - INFO - Loading data from 'starting' (ParquetDataSet)...
2023-03-06 17:34:30,061 - kedro.pipeline.node - INFO - Running node: data_collection_node: data_collection([dump,bin,starting]) -> [location_data]
2023-03-06 17:34:31,040 - kedro.io.data_catalog - INFO - Saving data to 'location_data' (ParquetDataSet)...
2023-03-06 17:34:31,043 - kedro.runner.sequential_runner - INFO - Completed 1 out of 2 tasks
2023-03-06 17:34:31,044 - kedro.io.data_catalog - INFO - Loading data from 'dump' (ParquetDataSet)...
2023-03-06 17:34:31,046 - kedro.io.data_catalog - INFO - Loading data from 'starting' (ParquetDataSet)...
2023-03-06 17:34:31,048 - kedro.io.data_catalog - INFO - Loading data from 'location_data' (ParquetDataSet)...
2023-03-06 17:34:31,050 - kedro.io.data_catalog - INFO - Loading data from 'pairwise_distance' (CSVDataSet)...
2023-03-06 17:34:31,533 - kedro.io.data_catalog - INFO - Loading data from 'params:model_parameters' (MemoryDataSet)...
2023-03-06 17:34:31,534 - kedro.pipeline.node - INFO - Running node: run_route_planner_node: run_route_planner([dump,starting,location_data,pairwise_distance,params:model_parameters]) -> None
2023-03-06 17:34:31,777 - kedro.pipeline.node - ERROR - Node 'run_route_planner_node: run_route_planner([dump,starting,location_data,pairwise_distance,params:model_parameters]) -> None' failed with error: 
name 'solution' is not defined
2023-03-06 17:34:31,778 - kedro.runner.sequential_runner - WARNING - There are 1 nodes that have not run.
You can resume the pipeline run from the nearest nodes with persisted inputs by adding the following argument to your previous command:
  --from-nodes "data_collection_node"
2023-03-06 17:35:07,286 - kedro.framework.session.session - INFO - Kedro project varanasi-swm
2023-03-06 17:35:09,772 - kedro.io.data_catalog - INFO - Loading data from 'dump' (ParquetDataSet)...
2023-03-06 17:35:09,778 - kedro.io.data_catalog - INFO - Loading data from 'bin' (ParquetDataSet)...
2023-03-06 17:35:09,780 - kedro.io.data_catalog - INFO - Loading data from 'starting' (ParquetDataSet)...
2023-03-06 17:35:09,782 - kedro.pipeline.node - INFO - Running node: data_collection_node: data_collection([dump,bin,starting]) -> [location_data]
2023-03-06 17:35:10,819 - kedro.io.data_catalog - INFO - Saving data to 'location_data' (ParquetDataSet)...
2023-03-06 17:35:10,823 - kedro.runner.sequential_runner - INFO - Completed 1 out of 2 tasks
2023-03-06 17:35:10,824 - kedro.io.data_catalog - INFO - Loading data from 'dump' (ParquetDataSet)...
2023-03-06 17:35:10,826 - kedro.io.data_catalog - INFO - Loading data from 'starting' (ParquetDataSet)...
2023-03-06 17:35:10,828 - kedro.io.data_catalog - INFO - Loading data from 'location_data' (ParquetDataSet)...
2023-03-06 17:35:10,830 - kedro.io.data_catalog - INFO - Loading data from 'pairwise_distance' (CSVDataSet)...
2023-03-06 17:35:11,324 - kedro.io.data_catalog - INFO - Loading data from 'params:model_parameters' (MemoryDataSet)...
2023-03-06 17:35:11,326 - kedro.pipeline.node - INFO - Running node: run_route_planner_node: run_route_planner([dump,starting,location_data,pairwise_distance,params:model_parameters]) -> None
2023-03-06 17:35:16,595 - kedro.runner.sequential_runner - INFO - Completed 2 out of 2 tasks
2023-03-06 17:35:16,596 - kedro.runner.sequential_runner - INFO - Pipeline execution completed successfully.
2023-03-13 17:34:10,755 - kedro.framework.session.session - INFO - Kedro project varanasi-swm
2023-03-13 17:34:13,769 - kedro.io.data_catalog - INFO - Loading data from 'dump' (ParquetDataSet)...
2023-03-13 17:34:13,798 - kedro.io.data_catalog - INFO - Loading data from 'bin' (ParquetDataSet)...
2023-03-13 17:34:13,800 - kedro.io.data_catalog - INFO - Loading data from 'starting' (ParquetDataSet)...
2023-03-13 17:34:13,803 - kedro.pipeline.node - INFO - Running node: data_collection_node: data_collection([dump,bin,starting]) -> [location_data]
2023-03-13 17:34:14,843 - kedro.io.data_catalog - INFO - Saving data to 'location_data' (ParquetDataSet)...
2023-03-13 17:34:14,847 - kedro.runner.sequential_runner - INFO - Completed 1 out of 2 tasks
2023-03-13 17:34:14,848 - kedro.io.data_catalog - INFO - Loading data from 'dump' (ParquetDataSet)...
2023-03-13 17:34:14,850 - kedro.io.data_catalog - INFO - Loading data from 'starting' (ParquetDataSet)...
2023-03-13 17:34:14,852 - kedro.io.data_catalog - INFO - Loading data from 'location_data' (ParquetDataSet)...
2023-03-13 17:34:14,855 - kedro.io.data_catalog - INFO - Loading data from 'pairwise_distance' (CSVDataSet)...
2023-03-13 17:34:15,607 - kedro.io.data_catalog - INFO - Loading data from 'params:model_parameters' (MemoryDataSet)...
2023-03-13 17:34:15,616 - kedro.pipeline.node - INFO - Running node: run_route_planner_node: run_route_planner([dump,starting,location_data,pairwise_distance,params:model_parameters]) -> None
2023-03-13 17:34:21,304 - kedro.runner.sequential_runner - INFO - Completed 2 out of 2 tasks
2023-03-13 17:34:21,306 - kedro.runner.sequential_runner - INFO - Pipeline execution completed successfully.
